2025-11-26 19:20:38.836725 - admin - Successfully authenticated
2025-11-26 19:21:01.471033 - admin - Successfully authenticated
2025-11-26 19:32:39.224054 - admin - Failed to authenticate
2025-11-26 19:32:46.745285 - admin - Successfully authenticated
2025-11-26 19:34:50.738376 - admin - Successfully authenticated
2025-11-26 19:36:14.550589 - admin - Logged out
2025-11-26 19:37:57.793908 - admin - Successfully authenticated
2025-11-26 19:38:04.032312 - admin - Logged out
2025-11-26 19:41:42.329106 - admin - Successfully authenticated
2025-11-26 19:41:48.983510 - admin - Logged out
2025-11-26 20:04:40.631354 - admin - Successfully authenticated
2025-11-26 20:14:37.064508 - admin - Logged out
2025-11-26 20:14:44.058097 - admin - Successfully authenticated
2025-11-26 20:19:00.034486 - admin - Logged out
2025-11-26 20:19:03.149432 - admin - Successfully authenticated
2025-11-26 20:19:08.500377 - admin - Logged out
2025-11-26 20:19:11.828686 - admin - Successfully authenticated
2025-11-26 20:45:03.291636 - admin - Logged out
2025-11-26 20:45:07.066566 - admin - Successfully authenticated
2025-11-26 20:58:28.094609 - admin - Viewed logs for admin
2025-11-26 20:58:34.424634 - admin - Viewed logs for admin
2025-11-26 20:58:40.111845 - admin - Viewed logs for afanning
2025-11-26 20:58:46.441891 - admin - Viewed logs for admin
2025-11-26 20:59:52.143881 - admin - Viewed logs for admin
2025-11-26 21:00:12.094571 - admin - Viewed logs for admin
2025-11-26 21:00:22.263478 - admin - Viewed logs for admin
2025-11-26 21:00:46.676292 - admin - Viewed logs for admin
2025-11-26 21:00:50.270434 - admin - Viewed logs for admin
2025-11-26 21:01:10.138030 - admin - Viewed logs for admin
2025-11-26 21:01:25.961379 - admin - Viewed logs for admin
2025-11-26 21:01:45.061440 - admin - Viewed logs for admin
2025-11-26 21:01:53.692964 - admin - Viewed logs for admin
2025-11-26 21:02:20.433772 - admin - Viewed logs for admin
2025-11-26 21:02:35.746590 - admin - Viewed logs for admin
2025-11-26 21:02:44.168293 - admin - Viewed logs for admin
2025-11-26 21:02:59.348969 - admin - Viewed logs for admin
2025-11-26 21:03:34.495573 - admin - Viewed logs for admin
2025-11-26 21:03:44.205688 - admin - Viewed logs for admin
2025-11-26 21:04:11.464624 - admin - Viewed logs for admin
2025-11-26 21:04:27.400057 - admin - Viewed logs for admin
2025-11-26 21:05:47.290432 - admin - Viewed logs for admin
2025-11-26 21:24:31.180330 - admin - Viewed logs for admin
2025-11-26 21:25:46.184483 - admin - Viewed logs for admin
2025-11-26 21:25:49.295444 - admin - Viewed logs for admin
2025-11-26 21:26:02.215936 - admin - Viewed logs for admin
2025-11-26 21:26:27.783715 - admin - Viewed logs for admin
